Arguments: 
  /usr/bin/node /usr/share/yarn/bin/yarn.js add express

PATH: 
  /usr/local/sbin:/usr/local/bin:/usr/sbin:/usr/bin:/sbin:/bin:/usr/games:/usr/local/games:/snap/bin:/home/vander/Android/Sdk/emulator:/home/vander/Android/Sdk/tools:/home/vander/Android/Sdk/tools/bin:/home/vander/Android/Sdk/platform-tools:/home/vander/Android/Sdk/emulator:/home/vander/Android/Sdk/tools:/home/vander/Android/Sdk/tools/bin:/home/vander/Android/Sdk/platform-tools:/home/vander/Android/Sdk/emulator:/home/vander/Android/Sdk/tools:/home/vander/Android/Sdk/tools/bin:/home/vander/Android/Sdk/platform-tools

Yarn version: 
  1.22.5

Node version: 
  12.18.2

Platform: 
  linux x64

Trace: 
  Error: getaddrinfo EAI_AGAIN registry.yarnpkg.com
      at GetAddrInfoReqWrap.onlookup [as oncomplete] (dns.js:66:26)

npm manifest: 
  {
    "name": "nlw-nodejs",
    "version": "1.0.0",
    "main": "index.js",
    "author": "vanderson",
    "license": "MIT"
  }

yarn manifest: 
  No manifest

Lockfile: 
  No lockfile
